<?xml version="1.0" encoding="UTF-8"?>
<!-- Generated by org.testng.reporters.JUnitXMLReporter -->
<testsuite hostname="uiens-MBP" ignored="0" name="Group 3" tests="4" failures="1" timestamp="2022-04-02T11:21:52 ICT" time="25.032" errors="0">
  <testcase name="testCategoryPageFooter" time="12.998" classname="test.global.FooterTest">
    <failure type="java.lang.AssertionError" message="null">
      <![CDATA[java.lang.AssertionError: null
at test.global.FooterTest.testCategoryPageFooter(FooterTest.java:43)
at java.util.ArrayList.forEach(ArrayList.java:1259)
at java.util.concurrent.FutureTask.run(FutureTask.java:266)
at java.util.concurrent.ThreadPoolExecutor.runWorker(ThreadPoolExecutor.java:1149)
at java.util.concurrent.ThreadPoolExecutor$Worker.run(ThreadPoolExecutor.java:624)
at java.lang.Thread.run(Thread.java:748)
... Removed 20 stack frames]]>
    </failure>
  </testcase> <!-- testCategoryPageFooter -->
  <testcase name="testHomepageFooter" time="8.143" classname="test.global.FooterTest"/>
  <testcase name="testRegisterPageFooter" time="3.283" classname="test.global.FooterTest"/>
  <testcase name="testRecentlyViewProduct" time="0.0" classname="test.pages.HomePage"/>
</testsuite> <!-- Group 3 -->
