<?xml version="1.0" encoding="UTF-8"?>
<!-- Generated by org.testng.reporters.JUnitXMLReporter -->
<testsuite hostname="uiens-MBP" ignored="0" name="Group 2" tests="7" failures="2" timestamp="2022-04-02T11:22:34 ICT" time="67.833" errors="0">
  <testcase name="testCheapCompBuying" time="36.608" classname="test.order.CheapComputerBuyingTest"/>
  <testcase name="testCheapCompBuying" time="16.878" classname="test.order.CheapComputerBuyingTest"/>
  <testcase name="testCheapCompBuying" time="13.852" classname="test.order.CheapComputerBuyingTest"/>
  <testcase name="testSomething" time="0.011" classname="test.order.CheapComputerBuyingTest">
    <failure type="java.lang.AssertionError" message="Failed by something">
      <![CDATA[java.lang.AssertionError: Failed by something
at test.order.CheapComputerBuyingTest.testSomething(CheapComputerBuyingTest.java:49)
at java.util.ArrayList.forEach(ArrayList.java:1259)
at java.util.concurrent.FutureTask.run(FutureTask.java:266)
at java.util.concurrent.ThreadPoolExecutor.runWorker(ThreadPoolExecutor.java:1149)
at java.util.concurrent.ThreadPoolExecutor$Worker.run(ThreadPoolExecutor.java:624)
at java.lang.Thread.run(Thread.java:748)
... Removed 19 stack frames]]>
    </failure>
  </testcase> <!-- testSomething -->
  <testcase name="testUserDataCollection" time="0.002" classname="test.testng_dataprovider.TestUserData"/>
  <testcase name="testUserDataCollection" time="0.001" classname="test.testng_dataprovider.TestUserData">
    <failure type="java.lang.AssertionError" message="[ERR] name is not started with T expected [true] but found [false]">
      <![CDATA[java.lang.AssertionError: [ERR] name is not started with T expected [true] but found [false]
at test.testng_dataprovider.TestUserData.testUserDataCollection(TestUserData.java:13)
at java.util.ArrayList.forEach(ArrayList.java:1259)
at java.util.concurrent.FutureTask.run(FutureTask.java:266)
at java.util.concurrent.ThreadPoolExecutor.runWorker(ThreadPoolExecutor.java:1149)
at java.util.concurrent.ThreadPoolExecutor$Worker.run(ThreadPoolExecutor.java:624)
at java.lang.Thread.run(Thread.java:748)
... Removed 21 stack frames]]>
    </failure>
  </testcase> <!-- testUserDataCollection -->
  <testcase name="testUserDataCollection" time="0.0" classname="test.testng_dataprovider.TestUserData"/>
</testsuite> <!-- Group 2 -->
