<!DOCTYPE html PUBLIC "-//W3C//DTD XHTML 1.1//EN" "https://www.w3.org/TR/xhtml11/DTD/xhtml11.dtd">
<html xmlns="https://www.w3.org/1999/xhtml">
<head>
<meta http-equiv="content-type" content="text/html; charset=UTF-8"/>
<title>TestNG Report</title>
<style type="text/css">table {margin-bottom:10px;border-collapse:collapse;empty-cells:show}th,td {border:1px solid #009;padding:.25em .5em}th {vertical-align:bottom}td {vertical-align:top}table a {font-weight:bold}.stripe td {background-color: #E6EBF9}.num {text-align:right}.passedodd td {background-color: #3F3}.passedeven td {background-color: #0A0}.skippedodd td {background-color: #DDD}.skippedeven td {background-color: #CCC}.failedodd td,.attn {background-color: #F33}.failedeven td,.stripe .attn {background-color: #D00}.stacktrace {white-space:pre;font-family:monospace}.totop {font-size:85%;text-align:center;border-bottom:2px solid #000}.invisible {display:none}</style>
</head>
<body>
<table>
<tr><th>Test</th><th># Passed</th><th># Skipped</th><th># Retried</th><th># Failed</th><th>Time (ms)</th><th>Included Groups</th><th>Excluded Groups</th></tr>
<tr><th colspan="8">Regression</th></tr>
<tr><td><a href="#t0">Group 3</a></td><td class="num">3</td><td class="num">0</td><td class="num">0</td><td class="num attn">1</td><td class="num">25,032</td><td></td><td></td></tr>
<tr class="stripe"><td><a href="#t1">Group 4</a></td><td class="num">6</td><td class="num attn">1</td><td class="num">0</td><td class="num attn">3</td><td class="num">44,406</td><td></td><td></td></tr>
<tr><td><a href="#t2">Group 2</a></td><td class="num">5</td><td class="num">0</td><td class="num">0</td><td class="num attn">2</td><td class="num">67,833</td><td></td><td></td></tr>
<tr class="stripe"><td><a href="#t3">Group 1</a></td><td class="num">3</td><td class="num">0</td><td class="num">0</td><td class="num">0</td><td class="num">69,047</td><td></td><td></td></tr>
<tr><th>Total</th><th class="num">17</th><th class="num attn">1</th><th class="num">0</th><th class="num attn">6</th><th class="num">206,318</th><th colspan="2"></th></tr>
</table>
<table id='summary'><thead><tr><th>Class</th><th>Method</th><th>Start</th><th>Time (ms)</th></tr></thead><tbody><tr><th colspan="4">Regression</th></tr></tbody><tbody id="t0"><tr><th colspan="4">Group 3 &#8212; failed</th></tr><tr class="failedeven"><td rowspan="1">test.global.FooterTest</td><td><a href="#m0">testCategoryPageFooter</a></td><td rowspan="1">1648873287115</td><td rowspan="1">12998</td></tr><tr><th colspan="4">Group 3 &#8212; passed</th></tr><tr class="passedeven"><td rowspan="2">test.global.FooterTest</td><td><a href="#m1">testHomepageFooter</a></td><td rowspan="1">1648873300578</td><td rowspan="1">8143</td></tr><tr class="passedeven"><td><a href="#m2">testRegisterPageFooter</a></td><td rowspan="1">1648873308724</td><td rowspan="1">3283</td></tr><tr class="passedodd"><td rowspan="1">test.pages.HomePage</td><td><a href="#m3">testRecentlyViewProduct</a></td><td rowspan="1">1648873312012</td><td rowspan="1">0</td></tr></tbody>
<tbody id="t1"><tr><th colspan="4">Group 4 &#8212; failed</th></tr><tr class="failedeven"><td rowspan="1">test.global.FooterTestCopy</td><td><a href="#m4">importantMethod</a></td><td rowspan="1">1648873287113</td><td rowspan="1">70</td></tr><tr class="failedodd"><td rowspan="2">test.global.TestNGAssertionTypes</td><td><a href="#m5">testHardAssertion</a></td><td rowspan="1">1648873331454</td><td rowspan="1">19</td></tr><tr class="failedodd"><td><a href="#m6">testSoftAssertion</a></td><td rowspan="1">1648873331476</td><td rowspan="1">4</td></tr><tr><th colspan="4">Group 4 &#8212; skipped</th></tr><tr class="skippedeven"><td rowspan="1">test.global.FooterTestCopy</td><td><a href="#m7">anotherTestMethodCopy</a></td><td rowspan="1">1648873287247</td><td rowspan="1">1</td></tr><tr><th colspan="4">Group 4 &#8212; passed</th></tr><tr class="passedeven"><td rowspan="1">test.global.FooterTestCopy</td><td><a href="#m8">testHomepageFooterCopy</a></td><td rowspan="1">1648873331482</td><td rowspan="1">0</td></tr><tr class="passedodd"><td rowspan="5">test.global.HeaderTest</td><td><a href="#m9">testCategoryPageHeader</a></td><td rowspan="1">1648873287258</td><td rowspan="1">11857</td></tr><tr class="passedodd"><td><a href="#m10">testHomepageHeader</a></td><td rowspan="1">1648873299131</td><td rowspan="1">9014</td></tr><tr class="passedodd"><td><a href="#m11">testHomepageHeader_</a></td><td rowspan="1">1648873308148</td><td rowspan="1">9122</td></tr><tr class="passedodd"><td><a href="#m12">testRegisterPageHeader</a></td><td rowspan="1">1648873317271</td><td rowspan="1">5360</td></tr><tr class="passedodd"><td><a href="#m13">testRegisterPageHeader_</a></td><td rowspan="1">1648873322633</td><td rowspan="1">8818</td></tr></tbody>
<tbody id="t2"><tr><th colspan="4">Group 2 &#8212; failed</th></tr><tr class="failedeven"><td rowspan="1">test.order.CheapComputerBuyingTest</td><td><a href="#m14">testSomething</a></td><td rowspan="1">1648873354521</td><td rowspan="1">11</td></tr><tr class="failedodd"><td rowspan="1">test.testng_dataprovider.TestUserData</td><td><a href="#m15">testUserDataCollection</a></td><td rowspan="1">1648873354749</td><td rowspan="1">1</td></tr><tr><th colspan="4">Group 2 &#8212; passed</th></tr><tr class="passedeven"><td rowspan="3">test.order.CheapComputerBuyingTest</td><td><a href="#m16">testCheapCompBuying</a></td><td rowspan="3">1648873340668</td><td rowspan="3">13852</td></tr><tr class="passedeven"><td><a href="#m17">testCheapCompBuying</a></td></tr><tr class="passedeven"><td><a href="#m18">testCheapCompBuying</a></td></tr><tr class="passedodd"><td rowspan="2">test.testng_dataprovider.TestUserData</td><td><a href="#m19">testUserDataCollection</a></td><td rowspan="2">1648873354746</td><td rowspan="2">2</td></tr><tr class="passedodd"><td><a href="#m20">testUserDataCollection</a></td></tr></tbody>
<tbody id="t3"><tr><th colspan="4">Group 1 &#8212; passed</th></tr><tr class="passedeven"><td rowspan="3">test.order.StandardComputerBuyingTest</td><td><a href="#m21">testStandardCompBuying</a></td><td rowspan="3">1648873340668</td><td rowspan="3">15340</td></tr><tr class="passedeven"><td><a href="#m22">testStandardCompBuying</a></td></tr><tr class="passedeven"><td><a href="#m23">testStandardCompBuying</a></td></tr></tbody>
</table>
<h2>Group 3</h2><h3 id="m0">test.global.FooterTest#testCategoryPageFooter</h3><table class="result"><tr><th>Exception</th></tr><tr><td><div class="stacktrace">java.lang.AssertionError: null
	at test.global.FooterTest.testCategoryPageFooter(FooterTest.java:43)
	at java.util.ArrayList.forEach(ArrayList.java:1259)
	at java.util.concurrent.FutureTask.run(FutureTask.java:266)
	at java.util.concurrent.ThreadPoolExecutor.runWorker(ThreadPoolExecutor.java:1149)
	at java.util.concurrent.ThreadPoolExecutor$Worker.run(ThreadPoolExecutor.java:624)
	at java.lang.Thread.run(Thread.java:748)
... Removed 20 stack frames</div></td></tr></table><p class="totop"><a href="#summary">back to summary</a></p>
<h3 id="m1">test.global.FooterTest#testHomepageFooter</h3><table class="result"><tr><th class="invisible"/></tr></table><p class="totop"><a href="#summary">back to summary</a></p>
<h3 id="m2">test.global.FooterTest#testRegisterPageFooter</h3><table class="result"><tr><th class="invisible"/></tr></table><p class="totop"><a href="#summary">back to summary</a></p>
<h3 id="m3">test.pages.HomePage#testRecentlyViewProduct</h3><table class="result"><tr><th class="invisible"/></tr></table><p class="totop"><a href="#summary">back to summary</a></p>
<h2>Group 4</h2><h3 id="m4">test.global.FooterTestCopy#importantMethod</h3><table class="result"><tr><th>Exception</th></tr><tr><td><div class="stacktrace">java.lang.AssertionError: null
	at test.global.FooterTestCopy.importantMethod(FooterTestCopy.java:21)
	at java.util.ArrayList.forEach(ArrayList.java:1259)
	at java.util.concurrent.FutureTask.run(FutureTask.java:266)
	at java.util.concurrent.ThreadPoolExecutor.runWorker(ThreadPoolExecutor.java:1149)
	at java.util.concurrent.ThreadPoolExecutor$Worker.run(ThreadPoolExecutor.java:624)
	at java.lang.Thread.run(Thread.java:748)
... Removed 20 stack frames</div></td></tr></table><p class="totop"><a href="#summary">back to summary</a></p>
<h3 id="m5">test.global.TestNGAssertionTypes#testHardAssertion</h3><table class="result"><tr><th>Exception</th></tr><tr><td><div class="stacktrace">java.lang.AssertionError: [ERR] Now 1 == 2 expected [2] but found [1]
	at test.global.TestNGAssertionTypes.testHardAssertion(TestNGAssertionTypes.java:12)
	at java.util.ArrayList.forEach(ArrayList.java:1259)
	at java.util.concurrent.FutureTask.run(FutureTask.java:266)
	at java.util.concurrent.ThreadPoolExecutor.runWorker(ThreadPoolExecutor.java:1149)
	at java.util.concurrent.ThreadPoolExecutor$Worker.run(ThreadPoolExecutor.java:624)
	at java.lang.Thread.run(Thread.java:748)
... Removed 23 stack frames</div></td></tr></table><p class="totop"><a href="#summary">back to summary</a></p>
<h3 id="m6">test.global.TestNGAssertionTypes#testSoftAssertion</h3><table class="result"><tr><th>Exception</th></tr><tr><td><div class="stacktrace">java.lang.AssertionError: The following asserts failed:
	[ERR] Now 1 == 2 expected [2] but found [1]
	at test.global.TestNGAssertionTypes.testSoftAssertion(TestNGAssertionTypes.java:24)
	at java.util.ArrayList.forEach(ArrayList.java:1259)
	at java.util.concurrent.FutureTask.run(FutureTask.java:266)
	at java.util.concurrent.ThreadPoolExecutor.runWorker(ThreadPoolExecutor.java:1149)
	at java.util.concurrent.ThreadPoolExecutor$Worker.run(ThreadPoolExecutor.java:624)
	at java.lang.Thread.run(Thread.java:748)
... Removed 20 stack frames</div></td></tr></table><p class="totop"><a href="#summary">back to summary</a></p>
<h3 id="m7">test.global.FooterTestCopy#anotherTestMethodCopy</h3><table class="result"><tr><th>Exception</th></tr><tr><td><div class="stacktrace">java.lang.Throwable: Method test.global.FooterTestCopy.anotherTestMethodCopy() on instance test.global.FooterTestCopy@2b6faea6 depends on not successfully finished methods 
[test.global.FooterTestCopy.importantMethod() on instance test.global.FooterTestCopy@2b6faea6]
	at java.util.ArrayList.forEach(ArrayList.java:1259)
	at java.util.concurrent.FutureTask.run(FutureTask.java:266)
	at java.util.concurrent.ThreadPoolExecutor.runWorker(ThreadPoolExecutor.java:1149)
	at java.util.concurrent.ThreadPoolExecutor$Worker.run(ThreadPoolExecutor.java:624)
	at java.lang.Thread.run(Thread.java:748)
... Removed 9 stack frames</div></td></tr></table><p class="totop"><a href="#summary">back to summary</a></p>
<h3 id="m8">test.global.FooterTestCopy#testHomepageFooterCopy</h3><table class="result"><tr><th class="invisible"/></tr></table><p class="totop"><a href="#summary">back to summary</a></p>
<h3 id="m9">test.global.HeaderTest#testCategoryPageHeader</h3><table class="result"><tr><th class="invisible"/></tr></table><p class="totop"><a href="#summary">back to summary</a></p>
<h3 id="m10">test.global.HeaderTest#testHomepageHeader</h3><table class="result"><tr><th class="invisible"/></tr></table><p class="totop"><a href="#summary">back to summary</a></p>
<h3 id="m11">test.global.HeaderTest#testHomepageHeader_</h3><table class="result"><tr><th class="invisible"/></tr></table><p class="totop"><a href="#summary">back to summary</a></p>
<h3 id="m12">test.global.HeaderTest#testRegisterPageHeader</h3><table class="result"><tr><th class="invisible"/></tr></table><p class="totop"><a href="#summary">back to summary</a></p>
<h3 id="m13">test.global.HeaderTest#testRegisterPageHeader_</h3><table class="result"><tr><th class="invisible"/></tr></table><p class="totop"><a href="#summary">back to summary</a></p>
<h2>Group 2</h2><h3 id="m14">test.order.CheapComputerBuyingTest#testSomething</h3><table class="result"><tr><th>Exception</th></tr><tr><td><div class="stacktrace">java.lang.AssertionError: Failed by something
	at test.order.CheapComputerBuyingTest.testSomething(CheapComputerBuyingTest.java:49)
	at java.util.ArrayList.forEach(ArrayList.java:1259)
	at java.util.concurrent.FutureTask.run(FutureTask.java:266)
	at java.util.concurrent.ThreadPoolExecutor.runWorker(ThreadPoolExecutor.java:1149)
	at java.util.concurrent.ThreadPoolExecutor$Worker.run(ThreadPoolExecutor.java:624)
	at java.lang.Thread.run(Thread.java:748)
... Removed 19 stack frames</div></td></tr></table><p class="totop"><a href="#summary">back to summary</a></p>
<h3 id="m15">test.testng_dataprovider.TestUserData#testUserDataCollection</h3><table class="result"><tr class="param"><th>Parameter #1</th></tr><tr class="param stripe"><td>User{name=&apos;ti&apos;, age=19}</td></tr><tr><th>Exception</th></tr><tr><td><div class="stacktrace">java.lang.AssertionError: [ERR] name is not started with T expected [true] but found [false]
	at test.testng_dataprovider.TestUserData.testUserDataCollection(TestUserData.java:13)
	at java.util.ArrayList.forEach(ArrayList.java:1259)
	at java.util.concurrent.FutureTask.run(FutureTask.java:266)
	at java.util.concurrent.ThreadPoolExecutor.runWorker(ThreadPoolExecutor.java:1149)
	at java.util.concurrent.ThreadPoolExecutor$Worker.run(ThreadPoolExecutor.java:624)
	at java.lang.Thread.run(Thread.java:748)
... Removed 21 stack frames</div></td></tr></table><p class="totop"><a href="#summary">back to summary</a></p>
<h3 id="m16">test.order.CheapComputerBuyingTest#testCheapCompBuying</h3><table class="result"><tr class="param"><th>Parameter #1</th></tr><tr class="param stripe"><td>test_data.ComputerDataObject@602497af</td></tr></table><p class="totop"><a href="#summary">back to summary</a></p>
<h3 id="m17">test.order.CheapComputerBuyingTest#testCheapCompBuying</h3><table class="result"><tr class="param"><th>Parameter #1</th></tr><tr class="param stripe"><td>test_data.ComputerDataObject@39c39895</td></tr></table><p class="totop"><a href="#summary">back to summary</a></p>
<h3 id="m18">test.order.CheapComputerBuyingTest#testCheapCompBuying</h3><table class="result"><tr class="param"><th>Parameter #1</th></tr><tr class="param stripe"><td>test_data.ComputerDataObject@1105c039</td></tr></table><p class="totop"><a href="#summary">back to summary</a></p>
<h3 id="m19">test.testng_dataprovider.TestUserData#testUserDataCollection</h3><table class="result"><tr class="param"><th>Parameter #1</th></tr><tr class="param stripe"><td>User{name=&apos;Teo&apos;, age=18}</td></tr></table><p class="totop"><a href="#summary">back to summary</a></p>
<h3 id="m20">test.testng_dataprovider.TestUserData#testUserDataCollection</h3><table class="result"><tr class="param"><th>Parameter #1</th></tr><tr class="param stripe"><td>User{name=&apos;Thao&apos;, age=20}</td></tr></table><p class="totop"><a href="#summary">back to summary</a></p>
<h2>Group 1</h2><h3 id="m21">test.order.StandardComputerBuyingTest#testStandardCompBuying</h3><table class="result"><tr class="param"><th>Parameter #1</th></tr><tr class="param stripe"><td>test_data.ComputerDataObject@ede11a0</td></tr></table><p class="totop"><a href="#summary">back to summary</a></p>
<h3 id="m22">test.order.StandardComputerBuyingTest#testStandardCompBuying</h3><table class="result"><tr class="param"><th>Parameter #1</th></tr><tr class="param stripe"><td>test_data.ComputerDataObject@44a611b7</td></tr></table><p class="totop"><a href="#summary">back to summary</a></p>
<h3 id="m23">test.order.StandardComputerBuyingTest#testStandardCompBuying</h3><table class="result"><tr class="param"><th>Parameter #1</th></tr><tr class="param stripe"><td>test_data.ComputerDataObject@39a32d35</td></tr></table><p class="totop"><a href="#summary">back to summary</a></p>
</body>
</html>
